2 [140315380325248] INFO perfrun.launcher <> - Launcher main begin
4 [140315380325248] INFO perfrun.launcher <> - MessageCatalogInit finished
4 [140315380325248] INFO perfrun.launcher <> - Launcher instance created
4 [140315380325248] INFO perfrun.launcher <> - argc = 6; cmdline = /opt/intel/oneapi/vtune/2024.2/bin64/amplxe-runss -dump-vdso -r /tmp/amplxe-tmp-h3230102778/amplxe-res-227417-172893303238833 --tmp-dir /tmp/amplxe-tmp-h3230102778 
67 [140315380325248] INFO perfrun.perfcollector <> - SEP tool path: /opt/intel/oneapi/vtune/2024.2/bin64/sep
74 [140315380325248] INFO perfrun.launcher <> - create msngr2::ICliToolContext
74 [140315380325248] INFO perfrun.launcher <> - create file finder object
96 [140315219633856] INFO perfrun.launcher <> - plugin [remoteplug] was disabled because it doesn't support the given collection type.
96 [140315219633856] INFO perfrun.launcher <> - plugin [system] was disabled because it doesn't support the given collection type.
96 [140315219633856] INFO perfrun.vdso <> - dumping [vdso] pseudomodule
97 [140315219633856] INFO perfrun.launcher <> - plugin [itt] was disabled because it doesn't support the given collection type.
97 [140315219633856] INFO perfrun.launcher <> - plugin [ptracecollector] was disabled because it doesn't support the given collection type.
97 [140315219633856] INFO perfrun.launcher <> - plugin [gpu] was disabled because it doesn't support the given collection type.
97 [140315219633856] INFO perfrun.launcher <> - plugin [] was disabled because it doesn't support the given collection type.
97 [140315219633856] INFO perfrun.launcher <> - plugin [] was disabled because it doesn't support the given collection type.
97 [140315219633856] INFO perfrun.launcher <> - plugin [] was disabled because it doesn't support the given collection type.
97 [140315219633856] INFO perfrun.launcher <> - plugin [mrte] was disabled because it doesn't support the given collection type.
97 [140315219633856] INFO perfrun.launcher <> - plugin [emon] was disabled because it doesn't support the given collection type.
97 [140315219633856] INFO perfrun.launcher <> - plugin [cuscol] was disabled because it doesn't support the given collection type.
97 [140315219633856] INFO perfrun.launcher <> - plugin [stdsrc] was disabled because it doesn't support the given collection type.
97 [140315219633856] INFO perfrun.launcher <> - plugin [sep] was disabled because it doesn't support the given collection type.
97 [140315219633856] INFO perfrun.launcher <> - plugin [vtsspp] was disabled because it doesn't support the given collection type.
97 [140315219633856] INFO perfrun.launcher <> - plugin [perf] was disabled because it doesn't support the given collection type.
97 [140315219633856] INFO perfrun.launcher <> - plugin [aoclprofile] was disabled because it doesn't support the given collection type.
97 [140315219633856] INFO perfrun.launcher <> - plugin [tpss] was disabled because it doesn't support the given collection type.
97 [140315219633856] INFO perfrun.launcher <> - plugin [media] was disabled because it doesn't support the given collection type.
97 [140315219633856] INFO perfrun.launcher <> - plugin [] was disabled because it doesn't support the given collection type.
97 [140315219633856] INFO perfrun.launcher <> - plugin [] was disabled because it doesn't support the given collection type.
97 [140315219633856] INFO perfrun.launcher <> - plugin [parallelfs] was disabled because it doesn't support the given collection type.
97 [140315219633856] INFO perfrun.launcher <> - plugin [power] was disabled because it doesn't support the given collection type.
97 [140315219633856] INFO perfrun.launcher <> - plugin [] was disabled because it doesn't support the given collection type.
97 [140315219633856] INFO perfrun.launcher <> - plugin [ipmwatch] was disabled because it doesn't support the given collection type.
97 [140315219633856] INFO perfrun.launcher <> - plugin [os_counters] was disabled because it doesn't support the given collection type.
97 [140315219633856] INFO perfrun.launcher <> - plugin [l0_metrics] was disabled because it doesn't support the given collection type.
97 [140315380325248] INFO perfrun.launcher <> - Application exit code: 0
97 [140315380325248] INFO perfrun.launcher <> - Exit code: 0
