1 [140321460231040] INFO perfrun.launcher <> - Launcher main begin
4 [140321460231040] INFO perfrun.launcher <> - MessageCatalogInit finished
4 [140321460231040] INFO perfrun.launcher <> - Launcher instance created
4 [140321460231040] INFO perfrun.launcher <> - argc = 6; cmdline = /opt/intel/oneapi/vtune/2024.2/bin64/amplxe-runss -dump-vdso -r /tmp/amplxe-tmp-h3230102778/amplxe-res-228686-173528436273295 --tmp-dir /tmp/amplxe-tmp-h3230102778 
54 [140321460231040] INFO perfrun.perfcollector <> - SEP tool path: /opt/intel/oneapi/vtune/2024.2/bin64/sep
58 [140321460231040] INFO perfrun.launcher <> - create msngr2::ICliToolContext
58 [140321460231040] INFO perfrun.launcher <> - create file finder object
66 [140321299277504] INFO perfrun.launcher <> - plugin [remoteplug] was disabled because it doesn't support the given collection type.
66 [140321299277504] INFO perfrun.launcher <> - plugin [system] was disabled because it doesn't support the given collection type.
66 [140321299277504] INFO perfrun.vdso <> - dumping [vdso] pseudomodule
66 [140321299277504] INFO perfrun.launcher <> - plugin [itt] was disabled because it doesn't support the given collection type.
66 [140321299277504] INFO perfrun.launcher <> - plugin [ptracecollector] was disabled because it doesn't support the given collection type.
66 [140321299277504] INFO perfrun.launcher <> - plugin [gpu] was disabled because it doesn't support the given collection type.
66 [140321299277504] INFO perfrun.launcher <> - plugin [] was disabled because it doesn't support the given collection type.
66 [140321299277504] INFO perfrun.launcher <> - plugin [] was disabled because it doesn't support the given collection type.
66 [140321299277504] INFO perfrun.launcher <> - plugin [] was disabled because it doesn't support the given collection type.
66 [140321299277504] INFO perfrun.launcher <> - plugin [mrte] was disabled because it doesn't support the given collection type.
66 [140321299277504] INFO perfrun.launcher <> - plugin [emon] was disabled because it doesn't support the given collection type.
66 [140321299277504] INFO perfrun.launcher <> - plugin [cuscol] was disabled because it doesn't support the given collection type.
66 [140321299277504] INFO perfrun.launcher <> - plugin [stdsrc] was disabled because it doesn't support the given collection type.
66 [140321299277504] INFO perfrun.launcher <> - plugin [sep] was disabled because it doesn't support the given collection type.
66 [140321299277504] INFO perfrun.launcher <> - plugin [vtsspp] was disabled because it doesn't support the given collection type.
66 [140321299277504] INFO perfrun.launcher <> - plugin [perf] was disabled because it doesn't support the given collection type.
66 [140321299277504] INFO perfrun.launcher <> - plugin [aoclprofile] was disabled because it doesn't support the given collection type.
66 [140321299277504] INFO perfrun.launcher <> - plugin [tpss] was disabled because it doesn't support the given collection type.
66 [140321299277504] INFO perfrun.launcher <> - plugin [media] was disabled because it doesn't support the given collection type.
66 [140321299277504] INFO perfrun.launcher <> - plugin [] was disabled because it doesn't support the given collection type.
66 [140321299277504] INFO perfrun.launcher <> - plugin [] was disabled because it doesn't support the given collection type.
67 [140321299277504] INFO perfrun.launcher <> - plugin [parallelfs] was disabled because it doesn't support the given collection type.
67 [140321299277504] INFO perfrun.launcher <> - plugin [power] was disabled because it doesn't support the given collection type.
67 [140321299277504] INFO perfrun.launcher <> - plugin [] was disabled because it doesn't support the given collection type.
67 [140321299277504] INFO perfrun.launcher <> - plugin [ipmwatch] was disabled because it doesn't support the given collection type.
67 [140321299277504] INFO perfrun.launcher <> - plugin [os_counters] was disabled because it doesn't support the given collection type.
67 [140321299277504] INFO perfrun.launcher <> - plugin [l0_metrics] was disabled because it doesn't support the given collection type.
67 [140321460231040] INFO perfrun.launcher <> - Application exit code: 0
67 [140321460231040] INFO perfrun.launcher <> - Exit code: 0
