1 [4132484864] INFO perfrun.launcher <> - Launcher main begin
3 [4132484864] INFO perfrun.launcher <> - MessageCatalogInit finished
3 [4132484864] INFO perfrun.launcher <> - Launcher instance created
3 [4132484864] INFO perfrun.launcher <> - argc = 6; cmdline = /opt/intel/oneapi/vtune/2024.2/bin32/amplxe-runss -dump-vdso -r /tmp/amplxe-tmp-h3230102778/amplxe-res-228686-173528436273295 --tmp-dir /tmp/amplxe-tmp-h3230102778 
47 [4132484864] INFO perfrun.launcher <> - create msngr2::ICliToolContext
47 [4132484864] INFO perfrun.launcher <> - create file finder object
74 [4131953472] INFO perfrun.launcher <> - plugin [remoteplug] was disabled because it doesn't support the given collection type.
74 [4131953472] INFO perfrun.launcher <> - plugin [] was disabled because it doesn't support the given collection type.
74 [4131953472] INFO perfrun.vdso <> - dumping [vdso] pseudomodule
75 [4131953472] INFO perfrun.launcher <> - plugin [] was disabled because it doesn't support the given collection type.
75 [4131953472] INFO perfrun.launcher <> - plugin [] was disabled because it doesn't support the given collection type.
75 [4131953472] INFO perfrun.launcher <> - plugin [] was disabled because it doesn't support the given collection type.
75 [4131953472] INFO perfrun.launcher <> - plugin [] was disabled because it doesn't support the given collection type.
75 [4131953472] INFO perfrun.launcher <> - plugin [] was disabled because it doesn't support the given collection type.
75 [4131953472] INFO perfrun.launcher <> - plugin [] was disabled because it doesn't support the given collection type.
75 [4131953472] INFO perfrun.launcher <> - plugin [] was disabled because it doesn't support the given collection type.
75 [4131953472] INFO perfrun.launcher <> - plugin [] was disabled because it doesn't support the given collection type.
75 [4131953472] INFO perfrun.launcher <> - plugin [] was disabled because it doesn't support the given collection type.
75 [4131953472] INFO perfrun.launcher <> - plugin [] was disabled because it doesn't support the given collection type.
75 [4131953472] INFO perfrun.launcher <> - plugin [] was disabled because it doesn't support the given collection type.
75 [4131953472] INFO perfrun.launcher <> - plugin [] was disabled because it doesn't support the given collection type.
75 [4131953472] INFO perfrun.launcher <> - plugin [] was disabled because it doesn't support the given collection type.
75 [4131953472] INFO perfrun.launcher <> - plugin [] was disabled because it doesn't support the given collection type.
75 [4131953472] INFO perfrun.launcher <> - plugin [] was disabled because it doesn't support the given collection type.
75 [4131953472] INFO perfrun.launcher <> - plugin [] was disabled because it doesn't support the given collection type.
75 [4131953472] INFO perfrun.launcher <> - plugin [] was disabled because it doesn't support the given collection type.
75 [4131953472] INFO perfrun.launcher <> - plugin [] was disabled because it doesn't support the given collection type.
75 [4131953472] INFO perfrun.launcher <> - plugin [] was disabled because it doesn't support the given collection type.
75 [4131953472] INFO perfrun.launcher <> - plugin [] was disabled because it doesn't support the given collection type.
75 [4131953472] INFO perfrun.launcher <> - plugin [] was disabled because it doesn't support the given collection type.
75 [4131953472] INFO perfrun.launcher <> - plugin [] was disabled because it doesn't support the given collection type.
75 [4131953472] INFO perfrun.launcher <> - plugin [] was disabled because it doesn't support the given collection type.
75 [4131953472] INFO perfrun.launcher <> - plugin [] was disabled because it doesn't support the given collection type.
75 [4132484864] INFO perfrun.launcher <> - Application exit code: 0
75 [4132484864] INFO perfrun.launcher <> - Exit code: 0
