1 [139787870645120] INFO perfrun.launcher <> - Launcher main begin
3 [139787870645120] INFO perfrun.launcher <> - MessageCatalogInit finished
3 [139787870645120] INFO perfrun.launcher <> - Launcher instance created
3 [139787870645120] INFO perfrun.launcher <> - argc = 7; cmdline = /opt/intel/oneapi/vtune/2024.2/bin64/amplxe-runss --ui-output-format xml --ui-output-fd 7 --option-file /home/24hpc101/h3230102778/Lab4/baseline/vtune_results/config/runss.options 
59 [139787870645120] INFO perfrun.perfcollector <> - SEP tool path: /opt/intel/oneapi/vtune/2024.2/bin64/sep
65 [139787870645120] INFO perfrun.launcher <> - create msngr2::ICliToolContext
65 [139787870645120] INFO perfrun.launcher <> - create file finder object
65 [139787870645120] INFO perfrun.launcher <> - create a result directory: pattern = /home/24hpc101/h3230102778/Lab4/baseline/vtune_results pid = 4294967295
67 [139787870645120] INFO perfrun.sdk <> - checked that the directory /home/24hpc101/h3230102778/Lab4/baseline/vtune_results is a local directory
67 [139787870645120] INFO perfrun.sdk <> - the directory /home/24hpc101/h3230102778/Lab4/baseline/vtune_results is located on a share or its FS ID is unknown 26985
67 [139787870645120] INFO perfrun.sdk <> - checked that the directory /tmp/amplxe-tmp-h3230102778 is a local directory
67 [139787870645120] INFO perfrun.sdk <> - the directory /tmp/amplxe-tmp-h3230102778 is a local directory with FS type ID 16914836
68 [139787870645120] INFO perfrun.launcher <> - Create a local result directory /tmp/amplxe-tmp-h3230102778/amplxe-res-228686-173528436273295 due to the user result path /home/24hpc101/h3230102778/Lab4/baseline/vtune_results is located on a share
68 [139787870645120] INFO perfrun.launcher <> - create data directory = /tmp/amplxe-tmp-h3230102778/amplxe-res-228686-173528436273295/data.0
68 [139787870645120] INFO perfrun.launcher <> - create data directory = /home/24hpc101/h3230102778/Lab4/baseline/vtune_results/data.0
68 [139787870645120] INFO perfrun.launcher <> - Creating the master collection flag
69 [139787870645120] INFO perfrun.launcher <> - Done creating the master collection flag
78 [139787712505536] INFO perfrun.launcher <> - plugin [remoteplug] was disabled because it doesn't support the given collection type.
78 [139787712505536] INFO perfrun.sdk <> - Allocating TMU :/tmp/amplxe-tmp-h3230102778/amplxe-res-228686-173528436273295/data.0/systemcollector-228686-M603.sc
78 [139787712505536] INFO perfrun.system <> - Tpss based collection
79 [139787712505536] INFO perfrun.launcher <> - plugin [ptracecollector] was disabled because it doesn't support the given collection type.
79 [139787712505536] INFO perfrun.launcher <> - plugin [gpu] was disabled because it doesn't support the given collection type.
79 [139787712505536] INFO perfrun.launcher <> - plugin [] was disabled because it doesn't support the given collection type.
79 [139787712505536] INFO perfrun.launcher <> - plugin [] was disabled because it doesn't support the given collection type.
79 [139787712505536] INFO perfrun.launcher <> - plugin [] was disabled because it doesn't support the given collection type.
79 [139787712505536] INFO perfrun.mrte <> - system-wide mode is 0
79 [139787712505536] INFO perfrun.mrte <> - Getting  mrte profiling environment ...
122 [139787712505536] INFO perfrun.mrte <> - INTEL_MRTE_DATA_DIR=/tmp/amplxe-tmp-h3230102778/amplxe-res-228686-173528436273295/data.0
122 [139787712505536] INFO perfrun.mrte <> - INTEL_MRTE_HOST_NAME=M603
122 [139787712505536] INFO perfrun.mrte <> - JAVA_TOOL_OPTIONS=-agentlib:amplxe_samplingmrte_javaprof_1.0 -Dsun.boot.library.path=/opt/intel/oneapi/vtune/2024.2/lib32/runtime:/opt/intel/oneapi/vtune/2024.2/lib64/runtime
122 [139787712505536] INFO perfrun.mrte <> - LD_LIBRARY_PATH=/opt/intel/oneapi/vtune/2024.2/lib32/runtime:/opt/intel/oneapi/vtune/2024.2/lib64/runtime:/opt/intel/oneapi/tbb/2021.13/env/../lib/intel64/gcc4.8:/opt/intel/oneapi/mpi/2021.13/opt/mpi/libfabric/lib:/opt/intel/oneapi/mpi/2021.13/lib:/opt/intel/oneapi/mkl/2024.2/lib:/opt/intel/oneapi/itac/2022.2/slib:/opt/intel/oneapi/ippcp/2021.12/lib/:/opt/intel/oneapi/ipp/2021.12/lib:/opt/intel/oneapi/dpl/2022.6/lib:/opt/intel/oneapi/dnnl/2024.2/lib:/opt/intel/oneapi/debugger/2024.2/opt/debugger/lib:/opt/intel/oneapi/dal/2024.5/lib:/opt/intel/oneapi/compiler/2024.2/opt/compiler/lib:/opt/intel/oneapi/compiler/2024.2/lib:/opt/intel/oneapi/ccl/2021.13/lib/
122 [139787712505536] INFO perfrun.mrte <> - CORECLR_ENABLE_PROFILING=1
122 [139787712505536] INFO perfrun.mrte <> - CORECLR_PROFILER={AA5E4821-E3B1-479c-B7FF-5AD047D22CED}
122 [139787712505536] INFO perfrun.mrte <> - CORECLR_PROFILER_PATH=/opt/intel/oneapi/vtune/2024.2/lib64/libamplxe_samplingmrte_clrprof_1.0.so
122 [139787712505536] INFO perfrun.mrte <> - INTEL_MRTE_PROFILER_MODE=mixed
122 [139787712505536] INFO perfrun.mrte <> - Data directory: /tmp/amplxe-tmp-h3230102778/amplxe-res-228686-173528436273295/data.0
122 [139787712505536] INFO perfrun.mrte <> - Mrte plugin is initialized
122 [139787712505536] INFO perfrun.sdk <> - runCmd: /opt/intel/oneapi/vtune/2024.2/bin64/emon -v
123 [139787712505536] INFO perfrun.sdk <> - runCmd started PID 228690
291 [139787712505536] INFO perfrun.emon <> - Extracted TSC Frequency = 2.2e+09 from emon -v
292 [139787712505536] INFO perfrun.metrics <> - PMU type is icelake_server
292 [139787712505536] INFO perfrun.launcher <> - plugin [cuscol] was disabled because it doesn't support the given collection type.
292 [139787712505536] INFO perfrun.launcher <> - plugin [stdsrc] was disabled because it doesn't support the given collection type.
292 [139787712505536] INFO perfrun.launcher <> - plugin [sep] was disabled because it doesn't support the given collection type.
292 [139787712505536] INFO perfrun.launcher <> - plugin [vtsspp] was disabled because it doesn't support the given collection type.
292 [139787712505536] INFO perfrun.launcher <> - plugin [perf] was disabled because it doesn't support the given collection type.
292 [139787712505536] INFO perfrun.launcher <> - plugin [aoclprofile] was disabled because it doesn't support the given collection type.
292 [139787712505536] INFO perfrun.tpss <> - initialize tpss controller
292 [139787712505536] INFO perfrun.tpss <> - configure collection mode: value = cpu:counters:nostack
292 [139787712505536] INFO perfrun.tpss <> - configure collection mode: value = cpu:stack
292 [139787712505536] INFO perfrun.tpss <> - default obj-size-min=1024
292 [139787712505536] INFO perfrun.tpss <> - default hash-table-size=0
292 [139787712505536] INFO perfrun.launcher <> - plugin [media] was disabled because it doesn't support the given collection type.
292 [139787712505536] INFO perfrun.launcher <> - plugin [] was disabled because it doesn't support the given collection type.
292 [139787712505536] INFO perfrun.launcher <> - plugin [] was disabled because it doesn't support the given collection type.
292 [139787712505536] INFO perfrun.launcher <> - plugin [parallelfs] was disabled because it doesn't support the given collection type.
292 [139787712505536] INFO perfrun.launcher <> - plugin [power] was disabled because it doesn't support the given collection type.
292 [139787712505536] INFO perfrun.launcher <> - plugin [] was disabled because it doesn't support the given collection type.
292 [139787712505536] INFO perfrun.launcher <> - plugin [ipmwatch] was disabled because it doesn't support the given collection type.
292 [139787712505536] INFO perfrun.launcher <> - plugin [os_counters] was disabled because it doesn't support the given collection type.
292 [139787712505536] INFO perfrun.launcher <> - plugin [l0_metrics] was disabled because it doesn't support the given collection type.
292 [139787870645120] INFO perfrun.launcher <> - set environment variable: LD_LIBRARY_PATH = /opt/intel/oneapi/vtune/2024.2/lib32/runtime:/opt/intel/oneapi/vtune/2024.2/lib64/runtime:/opt/intel/oneapi/tbb/2021.13/env/../lib/intel64/gcc4.8:/opt/intel/oneapi/mpi/2021.13/opt/mpi/libfabric/lib:/opt/intel/oneapi/mpi/2021.13/lib:/opt/intel/oneapi/mkl/2024.2/lib:/opt/intel/oneapi/itac/2022.2/slib:/opt/intel/oneapi/ippcp/2021.12/lib/:/opt/intel/oneapi/ipp/2021.12/lib:/opt/intel/oneapi/dpl/2022.6/lib:/opt/intel/oneapi/dnnl/2024.2/lib:/opt/intel/oneapi/debugger/2024.2/opt/debugger/lib:/opt/intel/oneapi/dal/2024.5/lib:/opt/intel/oneapi/compiler/2024.2/opt/compiler/lib:/opt/intel/oneapi/compiler/2024.2/lib:/opt/intel/oneapi/ccl/2021.13/lib/
292 [139787870645120] INFO perfrun.launcher <> - set environment variable: INTEL_LIBITTNOTIFY32 = /opt/intel/oneapi/vtune/2024.2/lib32/runtime/libittnotify_collector.so
292 [139787870645120] INFO perfrun.launcher <> - set environment variable: INTEL_LIBITTNOTIFY64 = /opt/intel/oneapi/vtune/2024.2/lib64/runtime/libittnotify_collector.so
292 [139787870645120] INFO perfrun.launcher <> - set environment variable: INTEL_ITTNOTIFY_GROUPS = 
292 [139787870645120] INFO perfrun.launcher <> - set environment variable: INTEL_JIT_PROFILER32 = /opt/intel/oneapi/vtune/2024.2/lib32/runtime/libittnotify_collector.so
292 [139787870645120] INFO perfrun.launcher <> - set environment variable: INTEL_JIT_PROFILER64 = /opt/intel/oneapi/vtune/2024.2/lib64/runtime/libittnotify_collector.so
292 [139787870645120] INFO perfrun.launcher <> - set environment variable: CCL_ITT_LEVEL = 1
292 [139787870645120] INFO perfrun.launcher <> - set environment variable: ENABLE_JITPROFILING = 1
292 [139787870645120] INFO perfrun.launcher <> - set environment variable: CL_CONFIG_USE_VTUNE = True
292 [139787870645120] INFO perfrun.launcher <> - set environment variable: KMP_FORKJOIN_FRAMES = 0
292 [139787870645120] INFO perfrun.launcher <> - set environment variable: KMP_FORKJOIN_FRAMES_MODE = 0
292 [139787870645120] INFO perfrun.launcher <> - set environment variable: INTEL_MRTE_DATA_DIR = /tmp/amplxe-tmp-h3230102778/amplxe-res-228686-173528436273295/data.0
292 [139787870645120] INFO perfrun.launcher <> - set environment variable: INTEL_MRTE_HOST_NAME = M603
293 [139787870645120] INFO perfrun.launcher <> - set environment variable: JAVA_TOOL_OPTIONS = -agentlib:amplxe_samplingmrte_javaprof_1.0 -Dsun.boot.library.path=/opt/intel/oneapi/vtune/2024.2/lib32/runtime:/opt/intel/oneapi/vtune/2024.2/lib64/runtime
293 [139787870645120] INFO perfrun.launcher <> - set environment variable: LD_LIBRARY_PATH = /opt/intel/oneapi/vtune/2024.2/lib32/runtime:/opt/intel/oneapi/vtune/2024.2/lib64/runtime:/opt/intel/oneapi/tbb/2021.13/env/../lib/intel64/gcc4.8:/opt/intel/oneapi/mpi/2021.13/opt/mpi/libfabric/lib:/opt/intel/oneapi/mpi/2021.13/lib:/opt/intel/oneapi/mkl/2024.2/lib:/opt/intel/oneapi/itac/2022.2/slib:/opt/intel/oneapi/ippcp/2021.12/lib/:/opt/intel/oneapi/ipp/2021.12/lib:/opt/intel/oneapi/dpl/2022.6/lib:/opt/intel/oneapi/dnnl/2024.2/lib:/opt/intel/oneapi/debugger/2024.2/opt/debugger/lib:/opt/intel/oneapi/dal/2024.5/lib:/opt/intel/oneapi/compiler/2024.2/opt/compiler/lib:/opt/intel/oneapi/compiler/2024.2/lib:/opt/intel/oneapi/ccl/2021.13/lib/
293 [139787870645120] INFO perfrun.launcher <> - set environment variable: CORECLR_ENABLE_PROFILING = 1
293 [139787870645120] INFO perfrun.launcher <> - set environment variable: CORECLR_PROFILER = {AA5E4821-E3B1-479c-B7FF-5AD047D22CED}
293 [139787870645120] INFO perfrun.launcher <> - set environment variable: CORECLR_PROFILER_PATH = /opt/intel/oneapi/vtune/2024.2/lib64/libamplxe_samplingmrte_clrprof_1.0.so
293 [139787870645120] INFO perfrun.launcher <> - set environment variable: INTEL_MRTE_PROFILER_MODE = mixed
293 [139787870645120] INFO perfrun.launcher <> - RpcServer: run RPC server to handle requests
293 [139787870645120] INFO perfrun.launcher <> - Launcher: command line to start before modification = ./build/bicgstab ./data/case_2001.bin
294 [139787870645120] INFO perfrun.launcher <> - Launcher: command line to start after modification = /opt/intel/oneapi/vtune/2024.2/bin64/pin -error_file /tmp/amplxe-tmp-h3230102778/amplxe-res-228686-173528436273295/data.0/pinerr.tpsslog -detach_reattach -follow_execv -tool_load_option deepbind -t64 /opt/intel/oneapi/vtune/2024.2/lib64/libtpsstool.so -t /opt/intel/oneapi/vtune/2024.2/lib32/libtpsstool.so -server_name tpss_ipc.228686 -prd_dir /opt/intel/oneapi/vtune/2024.2 -- ./build/bicgstab ./data/case_2001.bin
294 [139787870645120] INFO perfrun.launcher <> - ProcessCreator object was created
295 [139787870645120] INFO perfrun.launcher <> - Launcher: the process was started in suspend mode
303 [139787712505536] WARN perfrun.system <> - Could not do anything with /sys/kernel/debug/kvm: boost::filesystem::status: Permission denied [system:13]: "/sys/kernel/debug/kvm", at file: vcs/perfrun1/plugins/system/src/trace_writer.cpp:787
303 [139787712505536] WARN perfrun.system <> - Folder "/var/run/libvirt/qemu/"doesn't exist, at file: vcs/perfrun1/plugins/system/src/trace_writer.cpp:800
314 [139787712505536] INFO perfrun.sdk <> - runCmd: /opt/intel/oneapi/vtune/2024.2/bin64/sep -platform-info
315 [139787712505536] INFO perfrun.sdk <> - runCmd started PID 228694
472 [139787712505536] INFO perfrun.sdk <> - sep platform info successfully parsed
473 [139787712505536] INFO perfrun.sdk <> - Mapped device: AST1150 PCI-to-PCI Bridge 0000:03:00.0
473 [139787712505536] INFO perfrun.sdk <> - Mapped device: ASPEED Graphics Family 0000:04:00.0
473 [139787712505536] INFO perfrun.sdk <> - Mapped device: MT27800 Family [ConnectX-5] 0000:31:00.0
473 [139787712505536] INFO perfrun.sdk <> - Mapped device: I350 Gigabit Network Connection 0000:98:00.0
473 [139787712505536] INFO perfrun.sdk <> - Mapped device: I350 Gigabit Network Connection 0000:98:00.1
473 [139787712505536] INFO perfrun.sdk <> - Mapped device: GA100 [A100 PCIe 80GB] 0000:e3:00.0
476 [139787712505536] WARN perfrun.sdk <> - Failed to find xl binary on any of the system paths: /bin, /sbin, /usr/bin, /usr/sbin., at file: vcs/perfrun1/sdk/src/utils.cpp:204
476 [139787712505536] WARN perfrun.system <> - Could not start ContainerMapping collector, at file: vcs/perfrun1/plugins/system/src/controller.cpp:448
580 [139787712505536] INFO perfrun.vdso <> - Helper runtool '/opt/intel/oneapi/vtune/2024.2/bin32/amplxe-runss -dump-vdso -r /tmp/amplxe-tmp-h3230102778/amplxe-res-228686-173528436273295 --tmp-dir /tmp/amplxe-tmp-h3230102778' returned 0
679 [139787712505536] INFO perfrun.vdso <> - Helper runtool '/opt/intel/oneapi/vtune/2024.2/bin64/amplxe-runss -dump-vdso -r /tmp/amplxe-tmp-h3230102778/amplxe-res-228686-173528436273295 --tmp-dir /tmp/amplxe-tmp-h3230102778' returned 0
679 [139787712505536] INFO perfrun.itt <> - start itt controller for pid #228693
679 [139787712505536] INFO perfrun.sdk <> - runCmd: /opt/intel/oneapi/vtune/2024.2/bin64/emon -M
680 [139787712505536] INFO perfrun.sdk <> - runCmd started PID 228702
801 [139787712505536] INFO perfrun.sdk <> - runCmd: /opt/intel/oneapi/vtune/2024.2/bin64/emon -v
801 [139787712505536] INFO perfrun.sdk <> - runCmd started PID 228703
951 [139787712505536] INFO perfrun.sdk <> - runCmd: /opt/intel/oneapi/vtune/2024.2/bin64/sep -dry-run -ec CPU_CLK_UNHALTED.THREAD,CPU_CLK_UNHALTED.REF_TSC:sample:sa=2200000,INST_RETIRED.ANY:sample:sa=2200000,CPU_CLK_UNHALTED.DISTRIBUTED,FP_ARITH_INST_RETIRED.SCALAR_SINGLE,FP_ARITH_INST_RETIRED.128B_PACKED_SINGLE,FP_ARITH_INST_RETIRED.256B_PACKED_SINGLE,FP_ARITH_INST_RETIRED.SCALAR_DOUBLE,FP_ARITH_INST_RETIRED.128B_PACKED_DOUBLE,FP_ARITH_INST_RETIRED.256B_PACKED_DOUBLE,UOPS_EXECUTED.X87,UOPS_RETIRED.SLOTS,UOPS_EXECUTED.THREAD,FP_ARITH_INST_RETIRED.512B_PACKED_DOUBLE,FP_ARITH_INST_RETIRED.512B_PACKED_SINGLE,TOPDOWN.SLOTS:perf_metrics:sample:sa=2000003 -experimental
952 [139787712505536] INFO perfrun.sdk <> - runCmd started PID 228705
1077 [139787712505536] INFO perfrun.emon <> - Spawned collector thread
1077 [139787516860096] INFO perfrun.sdk <> - runCmd: /opt/intel/oneapi/vtune/2024.2/bin64/emon -u -t 0.050 -l0 -C CPU_CLK_UNHALTED.DISTRIBUTED,CPU_CLK_UNHALTED.REF_TSC,CPU_CLK_UNHALTED.THREAD,FP_ARITH_INST_RETIRED.128B_PACKED_DOUBLE,FP_ARITH_INST_RETIRED.128B_PACKED_SINGLE,FP_ARITH_INST_RETIRED.256B_PACKED_DOUBLE,FP_ARITH_INST_RETIRED.256B_PACKED_SINGLE,FP_ARITH_INST_RETIRED.512B_PACKED_DOUBLE,FP_ARITH_INST_RETIRED.512B_PACKED_SINGLE,FP_ARITH_INST_RETIRED.SCALAR_DOUBLE,FP_ARITH_INST_RETIRED.SCALAR_SINGLE,INST_RETIRED.ANY,TOPDOWN.SLOTS:perf_metrics,UOPS_EXECUTED.THREAD,UOPS_EXECUTED.X87,UOPS_RETIRED.SLOTS -experimental
1077 [139787516860096] INFO perfrun.sdk <> - runCmd started PID 228707
1264 [139787712505536] INFO perfrun.tpss <> - start tpss controller for pid #228693
1315 [139787870645120] INFO perfrun.launcher <> - Launcher: all plugins were started
1315 [139787870645120] INFO perfrun.launcher <> - DirectoryMonitor object was created
1315 [139787870645120] INFO perfrun.launcher <> - DirectoryMonitor: a callback was added
1315 [139787870645120] INFO perfrun.launcher <> - DirectoryMonitor was started with pingTime = 1000
1316 [139787870645120] INFO perfrun.launcher <> - DeadlineTimer is going to be constructed
1317 [139787870645120] INFO perfrun.launcher <> - DeadlineTimer: a callback was added
1321 [139787870645120] INFO perfrun.launcher <> - Launcher: resume the profiled application and  wait its termination or stop command
427922 [139787870645120] INFO perfrun.launcher <> - Launcher: the profiled application was terminated  with exit code = 0
427925 [139787712505536] INFO perfrun.itt <> - detach itt controller
427925 [139787712505536] INFO perfrun.itt <> - detach itt controller done
427925 [139787712505536] INFO perfrun.sdk <> - runCmd: /opt/intel/oneapi/vtune/2024.2/bin64/emon -stop
427926 [139787712505536] INFO perfrun.sdk <> - runCmd started PID 228972
428096 [139787712505536] INFO perfrun.emon <> - EMON collector successfully stopped.

428105 [139787516860096] WARN perfrun.emon_output <> - TimeKeeper: the time is being asked while the time keeper object is armed. This may mean that the time for the last group is getting reused as the time for this group
428105 [139787516860096] INFO perfrun.emon_output <> - Collector process exited successfully
428106 [139787712505536] INFO perfrun.tpss <> - stop tpss controller
428106 [139787712505536] INFO perfrun.sdk <> - De-allocating TMU: /tmp/amplxe-tmp-h3230102778/amplxe-res-228686-173528436273295/data.0/systemcollector-228686-M603.sc
428106 [139787712505536] INFO perfrun.system <> - closed the system trace file: /tmp/amplxe-tmp-h3230102778/amplxe-res-228686-173528436273295/data.0/systemcollector-228686-M603.sc
428106 [139787870645120] INFO perfrun.launcher <> - Launcher: all plugins were stopped.
428106 [139787870645120] INFO perfrun.launcher <> - DeadlineTimer is going to be destroyed
428106 [139787870645120] INFO perfrun.launcher <> - DeadlineTimer was destroyed
428106 [139787870645120] INFO perfrun.launcher <> - DirectoryMonitor object was destroyed
428106 [139787870645120] WARN perfrun.launcher <> - Stop command is ignored because it is received when collection is already stopped, at file: vcs/perfrun1/launcher/src/command_handler.cpp:226
428121 [139787870645120] INFO perfrun.launcher <> - Application exit code: 0
428121 [139787870645120] INFO perfrun.launcher <> - Exit code: 0
